  LeeSeungwook201636030.cpp
d:\vs\c++\projects\leeseungwook201636030\leeseungwook201636030\leeseungwook201636030.cpp(12): error C2065: 'cout': 선언되지 않은 식별자입니다.
d:\vs\c++\projects\leeseungwook201636030\leeseungwook201636030\leeseungwook201636030.cpp(12): error C2065: 'endl': 선언되지 않은 식별자입니다.
d:\vs\c++\projects\leeseungwook201636030\leeseungwook201636030\leeseungwook201636030.cpp(13): error C2065: 'cout': 선언되지 않은 식별자입니다.
d:\vs\c++\projects\leeseungwook201636030\leeseungwook201636030\leeseungwook201636030.cpp(13): error C2065: 'endl': 선언되지 않은 식별자입니다.
d:\vs\c++\projects\leeseungwook201636030\leeseungwook201636030\leeseungwook201636030.cpp(14): error C2065: 'cout': 선언되지 않은 식별자입니다.
d:\vs\c++\projects\leeseungwook201636030\leeseungwook201636030\leeseungwook201636030.cpp(14): error C2065: 'endl': 선언되지 않은 식별자입니다.
d:\vs\c++\projects\leeseungwook201636030\leeseungwook201636030\leeseungwook201636030.cpp(15): error C2065: 'cout': 선언되지 않은 식별자입니다.
d:\vs\c++\projects\leeseungwook201636030\leeseungwook201636030\leeseungwook201636030.cpp(15): error C2065: 'endl': 선언되지 않은 식별자입니다.
d:\vs\c++\projects\leeseungwook201636030\leeseungwook201636030\leeseungwook201636030.cpp(16): error C2065: 'cout': 선언되지 않은 식별자입니다.
d:\vs\c++\projects\leeseungwook201636030\leeseungwook201636030\leeseungwook201636030.cpp(16): error C2065: 'endl': 선언되지 않은 식별자입니다.
d:\vs\c++\projects\leeseungwook201636030\leeseungwook201636030\leeseungwook201636030.cpp(17): error C2065: 'cout': 선언되지 않은 식별자입니다.
d:\vs\c++\projects\leeseungwook201636030\leeseungwook201636030\leeseungwook201636030.cpp(17): error C2065: 'endl': 선언되지 않은 식별자입니다.
d:\vs\c++\projects\leeseungwook201636030\leeseungwook201636030\leeseungwook201636030.cpp(18): error C3861: 'getch': 식별자를 찾을 수 없습니다.
d:\vs\c++\projects\leeseungwook201636030\leeseungwook201636030\leeseungwook201636030.cpp(58): error C2065: 'cout': 선언되지 않은 식별자입니다.
d:\vs\c++\projects\leeseungwook201636030\leeseungwook201636030\leeseungwook201636030.cpp(59): error C2065: 'cin': 선언되지 않은 식별자입니다.
d:\vs\c++\projects\leeseungwook201636030\leeseungwook201636030\leeseungwook201636030.cpp(60): error C2065: 'cout': 선언되지 않은 식별자입니다.
d:\vs\c++\projects\leeseungwook201636030\leeseungwook201636030\leeseungwook201636030.cpp(61): error C2065: 'cin': 선언되지 않은 식별자입니다.
d:\vs\c++\projects\leeseungwook201636030\leeseungwook201636030\leeseungwook201636030.cpp(65): error C2601: 'printphnum': 지역 함수 정의가 잘못되었습니다.
d:\vs\c++\projects\leeseungwook201636030\leeseungwook201636030\leeseungwook201636030.cpp(67): error C2065: 'count': 선언되지 않은 식별자입니다.
d:\vs\c++\projects\leeseungwook201636030\leeseungwook201636030\leeseungwook201636030.cpp(68): error C2065: 'cout': 선언되지 않은 식별자입니다.
d:\vs\c++\projects\leeseungwook201636030\leeseungwook201636030\leeseungwook201636030.cpp(68): error C2065: 'index': 선언되지 않은 식별자입니다.
d:\vs\c++\projects\leeseungwook201636030\leeseungwook201636030\leeseungwook201636030.cpp(68): error C2065: 'endl': 선언되지 않은 식별자입니다.
d:\vs\c++\projects\leeseungwook201636030\leeseungwook201636030\leeseungwook201636030.cpp(71): error C2601: 'main': 지역 함수 정의가 잘못되었습니다.
d:\vs\c++\projects\leeseungwook201636030\leeseungwook201636030\leeseungwook201636030.cpp(82): error C2039: 'printphnum': 'numbook'의 멤버가 아닙니다.
  d:\vs\c++\projects\leeseungwook201636030\leeseungwook201636030\leeseungwook201636030.cpp(43): note: 'numbook' 선언을 참조하십시오.
